<?xml version="1.0" encoding="UTF-8"?>
<testsuite xmlns:xsi="http://www.w3.org/2001/XMLSchema-instance" xsi:noNamespaceSchemaLocation="https://maven.apache.org/surefire/maven-surefire-plugin/xsd/surefire-test-report-3.0.xsd" version="3.0" name="com.mkyong.BookControllerTest" time="28.862" tests="6" errors="0" skipped="0" failures="0">
  <properties>
[...]
</properties>
  <testcase name="testFindAll" classname="com.mkyong.BookControllerTest" time="0.946">
    <system-out><![CDATA[16:09:07.266 [main] INFO org.springframework.test.context.support.AnnotationConfigContextLoaderUtils -- Could not detect default configuration classes for test class [com.mkyong.BookControllerTest]: BookControllerTest does not declare any static, non-private, non-final, nested classes annotated with @Configuration.
16:09:07.338 [main] INFO org.testcontainers.utility.ImageNameSubstitutor -- Image name substitution will be performed by: DefaultImageNameSubstitutor (composite of 'ConfigurationFileImageNameSubstitutor' and 'PrefixingImageNameSubstitutor')
16:09:07.604 [main] INFO org.testcontainers.dockerclient.DockerClientProviderStrategy -- Loaded org.testcontainers.dockerclient.UnixSocketClientProviderStrategy from ~/.testcontainers.properties, will try it first
16:09:07.905 [main] INFO org.testcontainers.dockerclient.DockerClientProviderStrategy -- Found Docker environment with local Unix socket (unix:///var/run/docker.sock)
16:09:07.906 [main] INFO org.testcontainers.DockerClientFactory -- Docker host IP address is localhost
16:09:07.921 [main] INFO org.testcontainers.DockerClientFactory -- Connected to docker: 
  Server Version: 27.3.1
  API Version: 1.47
  Operating System: Ubuntu 22.04.5 LTS
  Total Memory: 15672 MB
16:09:08.002 [main] INFO tc.testcontainers/ryuk:0.5.1 -- Creating container for image: testcontainers/ryuk:0.5.1
16:09:08.077 [main] INFO org.testcontainers.utility.RegistryAuthLocator -- Credential helper/store (docker-credential-desktop) does not have credentials for https://index.docker.io/v1/
16:09:08.217 [main] INFO tc.testcontainers/ryuk:0.5.1 -- Container testcontainers/ryuk:0.5.1 is starting: 609c26ad41f6074ee9c429b027c9cfcd6890fde41c74ed2cb234ffb6c970e226
16:09:08.983 [main] INFO tc.testcontainers/ryuk:0.5.1 -- Container testcontainers/ryuk:0.5.1 started in PT1.05337678S
16:09:08.987 [main] INFO org.testcontainers.utility.RyukResourceReaper -- Ryuk started - will monitor and terminate Testcontainers containers on JVM exit
16:09:08.988 [main] INFO org.testcontainers.DockerClientFactory -- Checking the system...
16:09:08.988 [main] INFO org.testcontainers.DockerClientFactory -- ✔︎ Docker server version should be at least 1.6.0
16:09:09.090 [main] INFO org.springframework.boot.test.context.SpringBootTestContextBootstrapper -- Found @SpringBootConfiguration com.mkyong.StartApplication for test class com.mkyong.BookControllerTest
16:09:09.217 [main] INFO tc.mysql:8.0-debian -- Creating container for image: mysql:8.0-debian
16:09:09.358 [main] INFO tc.mysql:8.0-debian -- Container mysql:8.0-debian is starting: 8b7a6075dbf03228991d71638c0555b7673a9d208f7745616b8bb247c4066819
16:09:09.642 [main] INFO tc.mysql:8.0-debian -- Waiting for database connection to become available at jdbc:mysql://localhost:32775/test using query 'SELECT 1'
16:09:29.055 [main] INFO tc.mysql:8.0-debian -- Container mysql:8.0-debian started in PT19.837687387S
16:09:29.055 [main] INFO tc.mysql:8.0-debian -- Container is started (JDBC URL: jdbc:mysql://localhost:32775/test)

  .   ____          _            __ _ _
 /\\ / ___'_ __ _ _(_)_ __  __ _ \ \ \ \
( ( )\___ | '_ | '_| | '_ \/ _` | \ \ \ \
 \\/  ___)| |_)| | | | | || (_| |  ) ) ) )
  '  |____| .__|_| |_|_| |_\__, | / / / /
 =========|_|==============|___/=/_/_/_/
 :: Spring Boot ::               (v3.1.12)

2024-11-25T16:09:29.403Z  INFO 2830458 --- [           main] com.mkyong.BookControllerTest            : Starting BookControllerTest using Java 17.0.13 with PID 2830458 (started by mzm in /home/mzm/Devops/helm/spring-boot/spring-data-jpa-mysql)
2024-11-25T16:09:29.404Z  INFO 2830458 --- [           main] com.mkyong.BookControllerTest            : No active profile set, falling back to 1 default profile: "default"
2024-11-25T16:09:30.236Z  INFO 2830458 --- [           main] .s.d.r.c.RepositoryConfigurationDelegate : Bootstrapping Spring Data JPA repositories in DEFAULT mode.
2024-11-25T16:09:30.286Z  INFO 2830458 --- [           main] .s.d.r.c.RepositoryConfigurationDelegate : Finished Spring Data repository scanning in 41 ms. Found 1 JPA repository interface.
2024-11-25T16:09:30.790Z  INFO 2830458 --- [           main] o.s.b.w.embedded.tomcat.TomcatWebServer  : Tomcat initialized with port(s): 0 (http)
2024-11-25T16:09:30.894Z  INFO 2830458 --- [           main] w.s.c.ServletWebServerApplicationContext : Root WebApplicationContext: initialization completed in 1469 ms
2024-11-25T16:09:31.439Z  INFO 2830458 --- [           main] o.s.o.j.p.SpringPersistenceUnitInfo      : No LoadTimeWeaver setup: ignoring JPA class transformer
2024-11-25T16:09:32.703Z  INFO 2830458 --- [           main] j.LocalContainerEntityManagerFactoryBean : Initialized JPA EntityManagerFactory for persistence unit 'default'
2024-11-25T16:09:32.992Z  INFO 2830458 --- [           main] o.s.d.j.r.query.QueryEnhancerFactory     : Hibernate is in classpath; If applicable, HQL parser will be used.
2024-11-25T16:09:33.355Z  WARN 2830458 --- [           main] JpaBaseConfiguration$JpaWebConfiguration : spring.jpa.open-in-view is enabled by default. Therefore, database queries may be performed during view rendering. Explicitly configure spring.jpa.open-in-view to disable this warning
2024-11-25T16:09:33.819Z  INFO 2830458 --- [           main] o.s.b.a.e.web.EndpointLinksResolver      : Exposing 1 endpoint(s) beneath base path '/actuator'
2024-11-25T16:09:33.905Z  INFO 2830458 --- [           main] o.s.b.w.embedded.tomcat.TomcatWebServer  : Tomcat started on port(s): 33697 (http) with context path ''
2024-11-25T16:09:33.921Z  INFO 2830458 --- [           main] com.mkyong.BookControllerTest            : Started BookControllerTest in 4.817 seconds (process running for 27.568)
2024-11-25T16:09:34.771Z  INFO 2830458 --- [o-auto-1-exec-1] o.s.web.servlet.DispatcherServlet        : Initializing Servlet 'dispatcherServlet'
2024-11-25T16:09:34.773Z  INFO 2830458 --- [o-auto-1-exec-1] o.s.web.servlet.DispatcherServlet        : Completed initialization in 2 ms
]]></system-out>
  </testcase>
  <testcase name="testFindByTitle" classname="com.mkyong.BookControllerTest" time="0.091"/>
  <testcase name="testDeleteById" classname="com.mkyong.BookControllerTest" time="0.095"/>
  <testcase name="testCreate" classname="com.mkyong.BookControllerTest" time="0.071"/>
  <testcase name="testUpdate" classname="com.mkyong.BookControllerTest" time="0.079"/>
  <testcase name="testFindByPublishedDateAfter" classname="com.mkyong.BookControllerTest" time="0.136"/>
</testsuite>